<?xml version="1.0" encoding="UTF-8"?>
<testng-results skipped="0" failed="0" ignored="0" total="2" passed="2">
  <reporter-output>
  </reporter-output>
  <suite name="Adhoc" duration-ms="69051" started-at="2022-02-01T19:36:00 EST" finished-at="2022-02-01T19:37:09 EST">
    <groups>
    </groups>
    <test name="RegressionOfChrome" duration-ms="39305" started-at="2022-02-01T19:36:00 EST" finished-at="2022-02-01T19:36:39 EST">
      <class name="Class_11_TestNG_Framework.FindElements">
        <test-method status="PASS" signature="beforeMethod(java.lang.String,java.lang.String)[pri:0, instance:Class_11_TestNG_Framework.FindElements@50d0686]" name="beforeMethod" is-config="true" duration-ms="26796" started-at="2022-02-01T19:36:00 EST" finished-at="2022-02-01T19:36:27 EST">
          <params>
            <param index="0">
              <value>
                <![CDATA[Chrome]]>
              </value>
            </param>
            <param index="1">
              <value>
                <![CDATA[https://www.facebook.com/]]>
              </value>
            </param>
          </params>
          <reporter-output>
          </reporter-output>
        </test-method> <!-- beforeMethod -->
        <test-method status="PASS" signature="ExcelSheetData()[pri:0, instance:Class_11_TestNG_Framework.FindElements@50d0686]" name="ExcelSheetData" duration-ms="5272" started-at="2022-02-01T19:36:27 EST" finished-at="2022-02-01T19:36:32 EST">
          <reporter-output>
          </reporter-output>
        </test-method> <!-- ExcelSheetData -->
        <test-method status="PASS" signature="afterMethod()[pri:0, instance:Class_11_TestNG_Framework.FindElements@50d0686]" name="afterMethod" is-config="true" duration-ms="6348" started-at="2022-02-01T19:36:33 EST" finished-at="2022-02-01T19:36:39 EST">
          <reporter-output>
          </reporter-output>
        </test-method> <!-- afterMethod -->
      </class> <!-- Class_11_TestNG_Framework.FindElements -->
    </test> <!-- RegressionOfChrome -->
    <test name="RegressionOfEdge" duration-ms="29691" started-at="2022-02-01T19:36:39 EST" finished-at="2022-02-01T19:37:09 EST">
      <class name="Class_11_TestNG_Framework.FindElements">
        <test-method status="PASS" signature="beforeMethod(java.lang.String,java.lang.String)[pri:0, instance:Class_11_TestNG_Framework.FindElements@67b467e9]" name="beforeMethod" is-config="true" duration-ms="20261" started-at="2022-02-01T19:36:39 EST" finished-at="2022-02-01T19:37:00 EST">
          <params>
            <param index="0">
              <value>
                <![CDATA[Edge]]>
              </value>
            </param>
            <param index="1">
              <value>
                <![CDATA[https://www.facebook.com/]]>
              </value>
            </param>
          </params>
          <reporter-output>
          </reporter-output>
        </test-method> <!-- beforeMethod -->
        <test-method status="PASS" signature="ExcelSheetData()[pri:0, instance:Class_11_TestNG_Framework.FindElements@67b467e9]" name="ExcelSheetData" duration-ms="648" started-at="2022-02-01T19:37:00 EST" finished-at="2022-02-01T19:37:00 EST">
          <reporter-output>
          </reporter-output>
        </test-method> <!-- ExcelSheetData -->
        <test-method status="PASS" signature="afterMethod()[pri:0, instance:Class_11_TestNG_Framework.FindElements@67b467e9]" name="afterMethod" is-config="true" duration-ms="6258" started-at="2022-02-01T19:37:03 EST" finished-at="2022-02-01T19:37:09 EST">
          <reporter-output>
          </reporter-output>
        </test-method> <!-- afterMethod -->
      </class> <!-- Class_11_TestNG_Framework.FindElements -->
    </test> <!-- RegressionOfEdge -->
  </suite> <!-- Adhoc -->
</testng-results>
