<?xml version="1.0" encoding="UTF-8"?>
<!-- Generated by org.testng.reporters.JUnitXMLReporter -->
<testsuite hostname="WALI" ignored="0" name="Regression2" tests="4" failures="0" timestamp="2022-01-29T09:29:50 EST" time="179.184" errors="0">
  <testcase name="verify" time="17.751" classname="Class_11_TestNG_Framework.SignIn_Amazon"/>
  <testcase name="f" time="23.959" classname="Class_11_TestNG_Framework.SignIn_Amazon"/>
  <testcase name="verify" time="19.3" classname="Class_11_TestNG_Framework.SignIn_Amazon2"/>
  <testcase name="f" time="14.102" classname="Class_11_TestNG_Framework.SignIn_Amazon2"/>
</testsuite> <!-- Regression2 -->
