<?xml version="1.0" encoding="UTF-8"?>
<!-- Generated by org.testng.reporters.JUnitXMLReporter -->
<testsuite hostname="WALI" ignored="0" name="Regression1" tests="4" failures="0" timestamp="2022-01-29T09:26:51 EST" time="163.047" errors="0">
  <testcase name="verify" time="19.016" classname="Class_11_TestNG_Framework.SignIn_Amazon"/>
  <testcase name="f" time="20.523" classname="Class_11_TestNG_Framework.SignIn_Amazon"/>
  <testcase name="verify" time="21.19" classname="Class_11_TestNG_Framework.SignIn_Amazon2"/>
  <testcase name="f" time="18.155" classname="Class_11_TestNG_Framework.SignIn_Amazon2"/>
</testsuite> <!-- Regression1 -->
