<?xml version="1.0" encoding="UTF-8"?>
<!-- Generated by org.testng.reporters.JUnitXMLReporter -->
<testsuite hostname="WALI" ignored="0" name="Regression" tests="4" failures="0" timestamp="2022-01-28T21:05:59 EST" time="219.674" errors="0">
  <testcase name="verify" time="22.541" classname="Class_11_TestNG_Framework.SignIn_Amazon"/>
  <testcase name="f" time="19.167" classname="Class_11_TestNG_Framework.SignIn_Amazon"/>
  <testcase name="verify" time="21.924" classname="Class_11_TestNG_Framework.SignIn_Amazon2"/>
  <testcase name="f" time="23.596" classname="Class_11_TestNG_Framework.SignIn_Amazon2"/>
</testsuite> <!-- Regression -->
