<?xml version="1.0" encoding="UTF-8"?>
<!-- Generated by org.testng.reporters.JUnitXMLReporter -->
<testsuite hostname="WALI" ignored="0" name="RegressionOfEdge" tests="4" failures="0" timestamp="2022-01-30T11:03:51 EST" time="274.17" errors="0">
  <testcase name="verify" time="42.252" classname="Class_11_TestNG_Framework.SignIn_Amazon"/>
  <testcase name="f" time="18.54" classname="Class_11_TestNG_Framework.SignIn_Amazon"/>
  <testcase name="verify" time="23.291" classname="Class_11_TestNG_Framework.SignIn_Amazon2"/>
  <testcase name="f" time="11.02" classname="Class_11_TestNG_Framework.SignIn_Amazon2"/>
</testsuite> <!-- RegressionOfEdge -->
