<?xml version="1.0" encoding="UTF-8"?>
<!-- Generated by org.testng.reporters.JUnitReportReporter -->
<testsuite skipped="0" hostname="WALI" name="Class_11_TestNG_Framework.Provider" tests="6" failures="0" timestamp="2022-01-31T13:36:57 EST" time="188.366" errors="0">
  <testcase name="f" time="27.408" classname="Class_11_TestNG_Framework.Provider"/>
  <system-out/>
  <testcase name="f" time="33.488" classname="Class_11_TestNG_Framework.Provider"/>
  <system-out/>
  <testcase name="f" time="33.287" classname="Class_11_TestNG_Framework.Provider"/>
  <system-out/>
  <testcase name="f" time="27.633" classname="Class_11_TestNG_Framework.Provider"/>
  <system-out/>
  <testcase name="f" time="32.542" classname="Class_11_TestNG_Framework.Provider"/>
  <system-out/>
  <testcase name="f" time="34.008" classname="Class_11_TestNG_Framework.Provider"/>
  <system-out/>
</testsuite> <!-- Class_11_TestNG_Framework.Provider -->
