<?xml version="1.0" encoding="UTF-8"?>
<!-- Generated by org.testng.reporters.JUnitReportReporter -->
<testsuite skipped="0" hostname="WALI" name="Class_11_TestNG_Framework.SignIn_Amazon2" tests="2" failures="0" timestamp="2022-01-30T11:03:52 EST" time="78.739" errors="0">
  <testcase name="verify" time="51.383" classname="Class_11_TestNG_Framework.SignIn_Amazon2"/>
  <system-out/>
  <testcase name="f" time="27.356" classname="Class_11_TestNG_Framework.SignIn_Amazon2"/>
  <system-out/>
</testsuite> <!-- Class_11_TestNG_Framework.SignIn_Amazon2 -->
