<?xml version="1.0" encoding="UTF-8"?>
<!-- Generated by org.testng.reporters.JUnitReportReporter -->
<testsuite skipped="0" hostname="WALI" name="Class_11_TestNG_Framework.FindElements" tests="2" failures="0" timestamp="2022-02-01T19:37:09 EST" time="65.583" errors="0">
  <testcase name="ExcelSheetData" time="27.167" classname="Class_11_TestNG_Framework.FindElements"/>
  <system-out/>
  <testcase name="ExcelSheetData" time="38.416" classname="Class_11_TestNG_Framework.FindElements"/>
  <system-out/>
</testsuite> <!-- Class_11_TestNG_Framework.FindElements -->
