<?xml version="1.0" encoding="UTF-8"?>
<!-- Generated by org.testng.reporters.JUnitReportReporter -->
<testsuite skipped="0" hostname="WALI" name="Class_11_TestNG_Framework.SignIn_Amazon2" tests="4" failures="0" timestamp="2022-01-30T21:59:56 EST" time="248.743" errors="0">
  <testcase name="verify" time="72.189" classname="Class_11_TestNG_Framework.SignIn_Amazon2"/>
  <system-out/>
  <testcase name="verify" time="55.195" classname="Class_11_TestNG_Framework.SignIn_Amazon2"/>
  <system-out/>
  <testcase name="f" time="63.859" classname="Class_11_TestNG_Framework.SignIn_Amazon2"/>
  <system-out/>
  <testcase name="f" time="57.500" classname="Class_11_TestNG_Framework.SignIn_Amazon2"/>
  <system-out/>
</testsuite> <!-- Class_11_TestNG_Framework.SignIn_Amazon2 -->
