<?xml version="1.0" encoding="UTF-8"?>
<!-- Generated by org.testng.reporters.JUnitReportReporter -->
<testsuite skipped="0" hostname="WALI" name="Class_11_TestNG_Framework.SignIn_Amazon" tests="2" failures="0" timestamp="2022-01-30T11:03:52 EST" time="195.170" errors="0">
  <testcase name="verify" time="65.086" classname="Class_11_TestNG_Framework.SignIn_Amazon"/>
  <system-out/>
  <testcase name="f" time="130.084" classname="Class_11_TestNG_Framework.SignIn_Amazon"/>
  <system-out/>
</testsuite> <!-- Class_11_TestNG_Framework.SignIn_Amazon -->
