<?xml version="1.0" encoding="UTF-8"?>
<!-- Generated by org.testng.reporters.JUnitReportReporter -->
<testsuite skipped="0" hostname="WALI" name="Class_11_TestNG_Framework.SignIn_Amazon" tests="4" failures="0" timestamp="2022-01-30T21:59:56 EST" time="309.781" errors="0">
  <testcase name="verify" time="68.712" classname="Class_11_TestNG_Framework.SignIn_Amazon"/>
  <system-out/>
  <testcase name="verify" time="104.071" classname="Class_11_TestNG_Framework.SignIn_Amazon"/>
  <system-out/>
  <testcase name="f" time="66.418" classname="Class_11_TestNG_Framework.SignIn_Amazon"/>
  <system-out/>
  <testcase name="f" time="70.580" classname="Class_11_TestNG_Framework.SignIn_Amazon"/>
  <system-out/>
</testsuite> <!-- Class_11_TestNG_Framework.SignIn_Amazon -->
